
2024-07-26 11:48:49,886 - __main__ - INFO - OK OK
2024-07-26 12:04:40,327 - __main__ - INFO - Response status 200 : OK
2024-07-26 12:04:40,337 - __main__ - INFO - OK OK
2024-07-26 12:04:40,340 - __main__ - INFO - Dati NON aggiornati
2024-07-26 12:09:56,001 - __main__ - INFO - Response status 200 : OK
2024-07-26 12:09:56,011 - __main__ - INFO - Estratta tabella e creato dataframe da pagina html. OK
2024-07-26 12:09:56,015 - __main__ - INFO - Aperto file locale . OK
2024-07-26 12:09:56,015 - __main__ - INFO - Dati NON aggiornati : data ultima tabella gia presente nei dati
2024-07-26 12:12:30,604 - __main__ - INFO - Response status 200 : OK
2024-07-26 12:12:30,615 - __main__ - INFO - Estratta tabella e creato dataframe da pagina html. OK
2024-07-26 12:12:30,620 - __main__ - INFO - Aperto file locale . OK
2024-07-26 12:12:30,620 - __main__ - INFO - Dati NON aggiornati : data ultima tabella gia presente nei dati
2024-07-26 12:13:14,936 - __main__ - INFO - Response status 200 : OK
2024-07-26 12:13:14,946 - __main__ - INFO - Estratta tabella e creato dataframe da pagina html. OK
2024-07-26 12:13:14,950 - __main__ - INFO - Aperto file locale . OK
2024-07-26 12:13:14,950 - __main__ - INFO - Dati NON aggiornati : data ultima tabella gia presente nei dati
2024-07-26 12:33:17,549 - __main__ - INFO - Response status 200 : OK
2024-07-26 12:33:17,559 - __main__ - INFO - Estratta tabella e creato dataframe da pagina html. OK
2024-07-26 12:33:17,562 - __main__ - INFO - Aperto file locale . OK
2024-07-26 12:33:17,563 - __main__ - INFO - Dati NON aggiornati : data ultima tabella gia presente nei dati
2024-07-27 00:57:00,010 - __main__ - INFO - Response status 200 : OK
2024-07-27 00:57:00,020 - __main__ - INFO - Estratta tabella e creato dataframe da pagina html. OK
2024-07-27 00:57:00,024 - __main__ - INFO - Aperto file locale . OK
2024-07-27 00:57:00,032 - __main__ - INFO - Dati aggiornati
2024-07-28 01:02:26,241 - __main__ - INFO - Response status 200 : OK
2024-07-28 01:02:26,251 - __main__ - INFO - Estratta tabella e creato dataframe da pagina html. OK
2024-07-28 01:02:26,255 - __main__ - INFO - Aperto file locale . OK
2024-07-28 01:02:26,255 - __main__ - INFO - Dati NON aggiornati : data ultima tabella gia presente nei dati
2024-07-29 00:59:28,936 - __main__ - INFO - Response status 200 : OK
2024-07-29 00:59:28,946 - __main__ - INFO - Estratta tabella e creato dataframe da pagina html. OK
2024-07-29 00:59:28,949 - __main__ - INFO - Aperto file locale . OK
2024-07-29 00:59:28,950 - __main__ - INFO - Dati NON aggiornati : data ultima tabella gia presente nei dati
2024-07-30 00:58:04,825 - __main__ - INFO - Response status 200 : OK
2024-07-30 00:58:04,835 - __main__ - INFO - Estratta tabella e creato dataframe da pagina html. OK
2024-07-30 00:58:04,838 - __main__ - INFO - Aperto file locale . OK
2024-07-30 00:58:04,847 - __main__ - INFO - Dati aggiornati
2024-07-31 00:48:09,628 - __main__ - INFO - Response status 200 : OK
2024-07-31 00:48:09,638 - __main__ - INFO - Estratta tabella e creato dataframe da pagina html. OK
2024-07-31 00:48:09,642 - __main__ - INFO - Aperto file locale . OK
2024-07-31 00:48:09,651 - __main__ - INFO - Dati aggiornati
2024-08-01 01:03:05,215 - __main__ - INFO - Response status 200 : OK
2024-08-01 01:03:05,225 - __main__ - INFO - Estratta tabella e creato dataframe da pagina html. OK
2024-08-01 01:03:05,229 - __main__ - INFO - Aperto file locale . OK
2024-08-01 01:03:05,238 - __main__ - INFO - Dati aggiornati
2024-08-02 00:57:52,402 - __main__ - INFO - Response status 200 : OK
2024-08-02 00:57:52,412 - __main__ - INFO - Estratta tabella e creato dataframe da pagina html. OK
2024-08-02 00:57:52,415 - __main__ - INFO - Aperto file locale . OK
2024-08-02 00:57:52,425 - __main__ - INFO - Dati aggiornati
2024-08-03 00:57:21,958 - __main__ - INFO - Response status 200 : OK
2024-08-03 00:57:21,968 - __main__ - INFO - Estratta tabella e creato dataframe da pagina html. OK
2024-08-03 00:57:21,972 - __main__ - INFO - Aperto file locale . OK
2024-08-03 00:57:21,981 - __main__ - INFO - Dati aggiornati
2024-08-04 01:02:32,433 - __main__ - INFO - Response status 200 : OK
2024-08-04 01:02:32,443 - __main__ - INFO - Estratta tabella e creato dataframe da pagina html. OK
2024-08-04 01:02:32,447 - __main__ - INFO - Aperto file locale . OK
2024-08-04 01:02:32,447 - __main__ - INFO - Dati NON aggiornati : data ultima tabella gia presente nei dati
2024-08-05 01:00:00,142 - __main__ - INFO - Response status 200 : OK
2024-08-05 01:00:00,152 - __main__ - INFO - Estratta tabella e creato dataframe da pagina html. OK
2024-08-05 01:00:00,156 - __main__ - INFO - Aperto file locale . OK
2024-08-05 01:00:00,157 - __main__ - INFO - Dati NON aggiornati : data ultima tabella gia presente nei dati
2024-08-06 00:58:12,971 - __main__ - INFO - Response status 200 : OK
2024-08-06 00:58:12,981 - __main__ - INFO - Estratta tabella e creato dataframe da pagina html. OK
2024-08-06 00:58:12,985 - __main__ - INFO - Aperto file locale . OK
2024-08-06 00:58:12,995 - __main__ - INFO - Dati aggiornati
2024-08-07 00:59:06,926 - __main__ - INFO - Response status 200 : OK
2024-08-07 00:59:06,936 - __main__ - INFO - Estratta tabella e creato dataframe da pagina html. OK
2024-08-07 00:59:06,940 - __main__ - INFO - Aperto file locale . OK
2024-08-07 00:59:06,950 - __main__ - INFO - Dati aggiornati
2024-08-08 00:58:36,310 - __main__ - INFO - Response status 200 : OK
2024-08-08 00:58:36,320 - __main__ - INFO - Estratta tabella e creato dataframe da pagina html. OK
2024-08-08 00:58:36,324 - __main__ - INFO - Aperto file locale . OK
2024-08-08 00:58:36,334 - __main__ - INFO - Dati aggiornati
2024-08-09 00:59:32,509 - __main__ - INFO - Response status 200 : OK
2024-08-09 00:59:32,519 - __main__ - INFO - Estratta tabella e creato dataframe da pagina html. OK
2024-08-09 00:59:32,523 - __main__ - INFO - Aperto file locale . OK
2024-08-09 00:59:32,534 - __main__ - INFO - Dati aggiornati
2024-08-10 00:58:57,785 - __main__ - INFO - Response status 200 : OK
2024-08-10 00:58:57,795 - __main__ - INFO - Estratta tabella e creato dataframe da pagina html. OK
2024-08-10 00:58:57,799 - __main__ - INFO - Aperto file locale . OK
2024-08-10 00:58:57,810 - __main__ - INFO - Dati aggiornati
2024-08-11 01:03:32,472 - __main__ - INFO - Response status 200 : OK
2024-08-11 01:03:32,482 - __main__ - INFO - Estratta tabella e creato dataframe da pagina html. OK
2024-08-11 01:03:32,486 - __main__ - INFO - Aperto file locale . OK
2024-08-11 01:03:32,487 - __main__ - INFO - Dati NON aggiornati : data ultima tabella gia presente nei dati
2024-08-12 01:00:35,784 - __main__ - INFO - Response status 200 : OK
2024-08-12 01:00:35,794 - __main__ - INFO - Estratta tabella e creato dataframe da pagina html. OK
2024-08-12 01:00:35,798 - __main__ - INFO - Aperto file locale . OK
2024-08-12 01:00:35,798 - __main__ - INFO - Dati NON aggiornati : data ultima tabella gia presente nei dati
